# JRE version: 7.0_25-b15
# Java VM: Java HotSpot(TM) 64-Bit Server VM (23.25-b01 mixed mode linux-amd64 compressed oops)
Heap
 PSYoungGen      total 466048K, used 232953K [0x00000007d5560000, 0x0000000800000000, 0x0000000800000000)
  eden space 233088K, 0% used [0x00000007d5560000,0x00000007d5560000,0x00000007e3900000)
  from space 232960K, 99% used [0x00000007e3900000,0x00000007f1c7e5e8,0x00000007f1c80000)
  to   space 232960K, 0% used [0x00000007f1c80000,0x00000007f1c80000,0x0000000800000000)
 ParOldGen       total 1398144K, used 1308919K [0x0000000780000000, 0x00000007d5560000, 0x00000007d5560000)
  object space 1398144K, 93% used [0x0000000780000000,0x00000007cfe3dc48,0x00000007d5560000)
 PSPermGen       total 43584K, used 33292K [0x000000077ae00000, 0x000000077d890000, 0x0000000780000000)
  object space 43584K, 76% used [0x000000077ae00000,0x000000077ce83008,0x000000077d890000)
GC Heap History (10 events):
Event: 437,468 GC heap after
Heap after GC invocations=225 (full 12):
 PSYoungGen      total 466048K, used 232943K [0x00000007d5560000, 0x0000000800000000, 0x0000000800000000)
  eden space 233088K, 0% used [0x00000007d5560000,0x00000007d5560000,0x00000007e3900000)
  from space 232960K, 99% used [0x00000007e3900000,0x00000007f1c7bd40,0x00000007f1c80000)
  to   space 232960K, 0% used [0x00000007f1c80000,0x00000007f1c80000,0x0000000800000000)
 ParOldGen       total 1398144K, used 1013972K [0x0000000780000000, 0x00000007d5560000, 0x00000007d5560000)
  object space 1398144K, 72% used [0x0000000780000000,0x00000007bde352b8,0x00000007d5560000)
 PSPermGen       total 43584K, used 33292K [0x000000077ae00000, 0x000000077d890000, 0x0000000780000000)
  object space 43584K, 76% used [0x000000077ae00000,0x000000077ce83008,0x000000077d890000)
}
Event: 441,158 GC heap before
{Heap before GC invocations=226 (full 12):
 PSYoungGen      total 466048K, used 466031K [0x00000007d5560000, 0x0000000800000000, 0x0000000800000000)
  eden space 233088K, 100% used [0x00000007d5560000,0x00000007e3900000,0x00000007e3900000)
  from space 232960K, 99% used [0x00000007e3900000,0x00000007f1c7bd40,0x00000007f1c80000)
  to   space 232960K, 0% used [0x00000007f1c80000,0x00000007f1c80000,0x0000000800000000)
 ParOldGen       total 1398144K, used 1013972K [0x0000000780000000, 0x00000007d5560000, 0x00000007d5560000)
  object space 1398144K, 72% used [0x0000000780000000,0x00000007bde352b8,0x00000007d5560000)
 PSPermGen       total 43584K, used 33292K [0x000000077ae00000, 0x000000077d890000, 0x0000000780000000)
  object space 43584K, 76% used [0x000000077ae00000,0x000000077ce83008,0x000000077d890000)
Event: 441,523 GC heap after
Heap after GC invocations=226 (full 12):
 PSYoungGen      total 466048K, used 232687K [0x00000007d5560000, 0x0000000800000000, 0x0000000800000000)
  eden space 233088K, 0% used [0x00000007d5560000,0x00000007d5560000,0x00000007e3900000)
  from space 232960K, 99% used [0x00000007f1c80000,0x00000007fffbbd40,0x0000000800000000)
  to   space 232960K, 0% used [0x00000007e3900000,0x00000007e3900000,0x00000007f1c80000)
 ParOldGen       total 1398144K, used 1013972K [0x0000000780000000, 0x00000007d5560000, 0x00000007d5560000)
  object space 1398144K, 72% used [0x0000000780000000,0x00000007bde352b8,0x00000007d5560000)
 PSPermGen       total 43584K, used 33292K [0x000000077ae00000, 0x000000077d890000, 0x0000000780000000)
  object space 43584K, 76% used [0x000000077ae00000,0x000000077ce83008,0x000000077d890000)
}
Event: 442,002 GC heap before
{Heap before GC invocations=227 (full 12):
 PSYoungGen      total 466048K, used 450346K [0x00000007d5560000, 0x0000000800000000, 0x0000000800000000)
  eden space 233088K, 93% used [0x00000007d5560000,0x00000007e29eecb8,0x00000007e3900000)
  from space 232960K, 99% used [0x00000007f1c80000,0x00000007fffbbd40,0x0000000800000000)
  to   space 232960K, 0% used [0x00000007e3900000,0x00000007e3900000,0x00000007f1c80000)
 ParOldGen       total 1398144K, used 1013972K [0x0000000780000000, 0x00000007d5560000, 0x00000007d5560000)
  object space 1398144K, 72% used [0x0000000780000000,0x00000007bde352b8,0x00000007d5560000)
 PSPermGen       total 43584K, used 33292K [0x000000077ae00000, 0x000000077d890000, 0x0000000780000000)
  object space 43584K, 76% used [0x000000077ae00000,0x000000077ce83008,0x000000077d890000)
Event: 442,396 GC heap after
Heap after GC invocations=227 (full 12):
 PSYoungGen      total 466048K, used 232943K [0x00000007d5560000, 0x0000000800000000, 0x0000000800000000)
  eden space 233088K, 0% used [0x00000007d5560000,0x00000007d5560000,0x00000007e3900000)
  from space 232960K, 99% used [0x00000007e3900000,0x00000007f1c7bdc0,0x00000007f1c80000)
  to   space 232960K, 0% used [0x00000007f1c80000,0x00000007f1c80000,0x0000000800000000)
 ParOldGen       total 1398144K, used 1023908K [0x0000000780000000, 0x00000007d5560000, 0x00000007d5560000)
  object space 1398144K, 73% used [0x0000000780000000,0x00000007be7e92b8,0x00000007d5560000)
 PSPermGen       total 43584K, used 33292K [0x000000077ae00000, 0x000000077d890000, 0x0000000780000000)
  object space 43584K, 76% used [0x000000077ae00000,0x000000077ce83008,0x000000077d890000)
}
Event: 445,843 GC heap before
{Heap before GC invocations=228 (full 12):
 PSYoungGen      total 466048K, used 466031K [0x00000007d5560000, 0x0000000800000000, 0x0000000800000000)
  eden space 233088K, 100% used [0x00000007d5560000,0x00000007e3900000,0x00000007e3900000)
  from space 232960K, 99% used [0x00000007e3900000,0x00000007f1c7bdc0,0x00000007f1c80000)
  to   space 232960K, 0% used [0x00000007f1c80000,0x00000007f1c80000,0x0000000800000000)
 ParOldGen       total 1398144K, used 1023908K [0x0000000780000000, 0x00000007d5560000, 0x00000007d5560000)
  object space 1398144K, 73% used [0x0000000780000000,0x00000007be7e92b8,0x00000007d5560000)
 PSPermGen       total 43584K, used 33292K [0x000000077ae00000, 0x000000077d890000, 0x0000000780000000)
  object space 43584K, 76% used [0x000000077ae00000,0x000000077ce83008,0x000000077d890000)
Event: 446,423 GC heap after
Heap after GC invocations=228 (full 12):
 PSYoungGen      total 466048K, used 232933K [0x00000007d5560000, 0x0000000800000000, 0x0000000800000000)
  eden space 233088K, 0% used [0x00000007d5560000,0x00000007d5560000,0x00000007e3900000)
  from space 232960K, 99% used [0x00000007f1c80000,0x00000007ffff9568,0x0000000800000000)
  to   space 232960K, 0% used [0x00000007e3900000,0x00000007e3900000,0x00000007f1c80000)
 ParOldGen       total 1398144K, used 1105691K [0x0000000780000000, 0x00000007d5560000, 0x00000007d5560000)
  object space 1398144K, 79% used [0x0000000780000000,0x00000007c37c6cc8,0x00000007d5560000)
 PSPermGen       total 43584K, used 33292K [0x000000077ae00000, 0x000000077d890000, 0x0000000780000000)
  object space 43584K, 76% used [0x000000077ae00000,0x000000077ce83008,0x000000077d890000)
}
Event: 447,974 GC heap before
{Heap before GC invocations=229 (full 12):
 PSYoungGen      total 466048K, used 451066K [0x00000007d5560000, 0x0000000800000000, 0x0000000800000000)
  eden space 233088K, 93% used [0x00000007d5560000,0x00000007e2a65608,0x00000007e3900000)
  from space 232960K, 99% used [0x00000007f1c80000,0x00000007ffff9568,0x0000000800000000)
  to   space 232960K, 0% used [0x00000007e3900000,0x00000007e3900000,0x00000007f1c80000)
 ParOldGen       total 1398144K, used 1105691K [0x0000000780000000, 0x00000007d5560000, 0x00000007d5560000)
  object space 1398144K, 79% used [0x0000000780000000,0x00000007c37c6cc8,0x00000007d5560000)
 PSPermGen       total 43584K, used 33292K [0x000000077ae00000, 0x000000077d890000, 0x0000000780000000)
  object space 43584K, 76% used [0x000000077ae00000,0x000000077ce83008,0x000000077d890000)
Event: 448,832 GC heap after
Heap after GC invocations=229 (full 12):
 PSYoungGen      total 466048K, used 232953K [0x00000007d5560000, 0x0000000800000000, 0x0000000800000000)
  eden space 233088K, 0% used [0x00000007d5560000,0x00000007d5560000,0x00000007e3900000)
  from space 232960K, 99% used [0x00000007e3900000,0x00000007f1c7e5e8,0x00000007f1c80000)
  to   space 232960K, 0% used [0x00000007f1c80000,0x00000007f1c80000,0x0000000800000000)
 ParOldGen       total 1398144K, used 1308919K [0x0000000780000000, 0x00000007d5560000, 0x00000007d5560000)
  object space 1398144K, 93% used [0x0000000780000000,0x00000007cfe3dc48,0x00000007d5560000)
 PSPermGen       total 43584K, used 33292K [0x000000077ae00000, 0x000000077d890000, 0x0000000780000000)
  object space 43584K, 76% used [0x000000077ae00000,0x000000077ce83008,0x000000077d890000)
}
Event: 448,832 GC heap before
{Heap before GC invocations=230 (full 13):
 PSYoungGen      total 466048K, used 232953K [0x00000007d5560000, 0x0000000800000000, 0x0000000800000000)
  eden space 233088K, 0% used [0x00000007d5560000,0x00000007d5560000,0x00000007e3900000)
  from space 232960K, 99% used [0x00000007e3900000,0x00000007f1c7e5e8,0x00000007f1c80000)
  to   space 232960K, 0% used [0x00000007f1c80000,0x00000007f1c80000,0x0000000800000000)
 ParOldGen       total 1398144K, used 1308919K [0x0000000780000000, 0x00000007d5560000, 0x00000007d5560000)
  object space 1398144K, 93% used [0x0000000780000000,0x00000007cfe3dc48,0x00000007d5560000)
 PSPermGen       total 43584K, used 33292K [0x000000077ae00000, 0x000000077d890000, 0x0000000780000000)
  object space 43584K, 76% used [0x000000077ae00000,0x000000077ce83008,0x000000077d890000)

